<?xml version="1.0" encoding="UTF-8"?>
<testsuite name="AppTest" tests="6" skipped="0" failures="0" errors="0" timestamp="2018-10-22T07:50:13" hostname="TW-LW80683-M.local" time="0.002">
  <properties/>
  <testcase name="testAdd" classname="AppTest" time="0.001"/>
  <testcase name="testMax" classname="AppTest" time="0.001"/>
  <testcase name="testMin" classname="AppTest" time="0.0"/>
  <testcase name="testAppHasAGreeting" classname="AppTest" time="0.0"/>
  <testcase name="testSubstract" classname="AppTest" time="0.0"/>
  <testcase name="testMultiply" classname="AppTest" time="0.0"/>
  <system-out><![CDATA[]]></system-out>
  <system-err><![CDATA[]]></system-err>
</testsuite>
