<?xml version="1.0" encoding="UTF-8"?>
<testsuite name="VectorTest" tests="7" skipped="0" failures="0" errors="0" timestamp="2018-11-07T07:42:40" hostname="TW-LW80683-M.local" time="0.002">
  <properties/>
  <testcase name="testSum" classname="VectorTest" time="0.001"/>
  <testcase name="testProductScalar" classname="VectorTest" time="0.0"/>
  <testcase name="testInnerProductException" classname="VectorTest" time="0.0"/>
  <testcase name="testVectorLength" classname="VectorTest" time="0.0"/>
  <testcase name="testSumDifferentDimension" classname="VectorTest" time="0.001"/>
  <testcase name="testInnerProduct" classname="VectorTest" time="0.0"/>
  <testcase name="testVector" classname="VectorTest" time="0.0"/>
  <system-out><![CDATA[]]></system-out>
  <system-err><![CDATA[]]></system-err>
</testsuite>
